
> dubWeb@0.0.0 start /opt/proj/dubWeb
> node ./bin/www

Sat, 26 Aug 2017 08:36:40 GMT express-session deprecated undefined resave option; provide resave option at app.js:25:9
Sat, 26 Aug 2017 08:36:40 GMT express-session deprecated undefined saveUninitialized option; provide saveUninitialized option at app.js:25:9
[0mGET / [32m200 [0m21.068 ms - 12275[0m
[0mGET /assets/jplayer/skin/blue.monday/jplayer.blue.monday.css [32m200 [0m10.274 ms - 11529[0m
Error: Not Found
    at /opt/proj/dubWeb/app.js:87:15
    at Layer.handle [as handle_request] (/opt/proj/dubWeb/node_modules/express/lib/router/layer.js:82:5)
    at trim_prefix (/opt/proj/dubWeb/node_modules/express/lib/router/index.js:302:13)
    at /opt/proj/dubWeb/node_modules/express/lib/router/index.js:270:7
    at Function.proto.process_params (/opt/proj/dubWeb/node_modules/express/lib/router/index.js:321:12)
    at next (/opt/proj/dubWeb/node_modules/express/lib/router/index.js:261:10)
    at /opt/proj/dubWeb/node_modules/express/lib/router/index.js:603:15
    at next (/opt/proj/dubWeb/node_modules/express/lib/router/index.js:246:14)
    at Function.proto.handle (/opt/proj/dubWeb/node_modules/express/lib/router/index.js:166:3)
    at router (/opt/proj/dubWeb/node_modules/express/lib/router/index.js:35:12)
    at Layer.handle [as handle_request] (/opt/proj/dubWeb/node_modules/express/lib/router/layer.js:82:5)
    at trim_prefix (/opt/proj/dubWeb/node_modules/express/lib/router/index.js:302:13)
    at /opt/proj/dubWeb/node_modules/express/lib/router/index.js:270:7
    at Function.proto.process_params (/opt/proj/dubWeb/node_modules/express/lib/router/index.js:321:12)
    at next (/opt/proj/dubWeb/node_modules/express/lib/router/index.js:261:10)
    at SendStream.error (/opt/proj/dubWeb/node_modules/express/node_modules/serve-static/index.js:107:7)
Error: Not Found
    at /opt/proj/dubWeb/app.js:87:15
    at Layer.handle [as handle_request] (/opt/proj/dubWeb/node_modules/express/lib/router/layer.js:82:5)
    at trim_prefix (/opt/proj/dubWeb/node_modules/express/lib/router/index.js:302:13)
    at /opt/proj/dubWeb/node_modules/express/lib/router/index.js:270:7
    at Function.proto.process_params (/opt/proj/dubWeb/node_modules/express/lib/router/index.js:321:12)
    at next (/opt/proj/dubWeb/node_modules/express/lib/router/index.js:261:10)
    at /opt/proj/dubWeb/node_modules/express/lib/router/index.js:603:15
    at next (/opt/proj/dubWeb/node_modules/express/lib/router/index.js:246:14)
    at Function.proto.handle (/opt/proj/dubWeb/node_modules/express/lib/router/index.js:166:3)
    at router (/opt/proj/dubWeb/node_modules/express/lib/router/index.js:35:12)
    at Layer.handle [as handle_request] (/opt/proj/dubWeb/node_modules/express/lib/router/layer.js:82:5)
    at trim_prefix (/opt/proj/dubWeb/node_modules/express/lib/router/index.js:302:13)
    at /opt/proj/dubWeb/node_modules/express/lib/router/index.js:270:7
    at Function.proto.process_params (/opt/proj/dubWeb/node_modules/express/lib/router/index.js:321:12)
    at next (/opt/proj/dubWeb/node_modules/express/lib/router/index.js:261:10)
    at SendStream.error (/opt/proj/dubWeb/node_modules/express/node_modules/serve-static/index.js:107:7)
[0mGET /bower_components/bootstrap-directional-buttons/dist/bootstrap-directional-buttons.min.css [33m404 [0m4.313 ms - 1583[0m
[0mGET /bower_components/ [33m404 [0m4.328 ms - 1583[0m
[0mGET /assets/kefu/css/style.css [32m200 [0m1.044 ms - 1609[0m
[0mGET /assets/style.css [32m200 [0m0.980 ms - 16511[0m
[0mGET /bower_components/jquery/jquery.min.js [32m200 [0m3.286 ms - 92629[0m
[0mGET /bower_components/bootstrap/dist/css/bootstrap.css [32m200 [0m509.136 ms - 146010[0m
[0mGET /bower_components/bootstrap/dist/js/bootstrap.min.js [32m200 [0m1.145 ms - 37045[0m
[0mGET /assets/jplayer/dist/jplayer/jquery.jplayer.min.js [32m200 [0m1.802 ms - 60950[0m
[0mGET /assets/main.js [32m200 [0m1.073 ms - 881[0m
[0mGET /assets/index.js [32m200 [0m0.795 ms - 3251[0m
[0mGET /imgs/logo.png [32m200 [0m1.723 ms - 8503[0m
[0mGET /assets/kefu/images/float_top.png [32m200 [0m1.810 ms - 569[0m
[0mGET /assets/kefu/images/online_arrow.jpg [32m200 [0m1.383 ms - 4485[0m
[0mGET /assets/jplayer/skin/blue.monday/jplayer.blue.monday.jpg [32m200 [0m2.563 ms - 23189[0m
[0mGET /assets/kefu/images/qq.png [32m200 [0m1.766 ms - 2979[0m
[0mGET /api/findCheckedList [32m200 [0m21.893 ms - 72[0m
[0mGET /imgs/banner/b1.png [32m200 [0m1237.804 ms - 209645[0m
[0mGET /imgs/banner/b2.png [32m200 [0m3538.940 ms - 257338[0m
[0mGET /imgs/music.png [32m200 [0m7922.529 ms - 656409[0m
[0mGET /imgs/favicon/favicon.ico [32m200 [0m3.899 ms - 894[0m
[0mGET /imgs/favicon/favicon.ico [36m304 [0m1.881 ms - -[0m
[0mGET /admin [32m200 [0m3.836 ms - 2776[0m
[0mGET /bower_components/bootstrap/dist/css/bootstrap.css [36m304 [0m1.777 ms - -[0m
[0mGET /bower_components/font-awesome/css/font-awesome.css [32m200 [0m2.662 ms - 26651[0m
[0mGET /assets/sbAdmin2/css/sb-admin-2.css [32m200 [0m4.386 ms - 8420[0m
[0mGET /bower_components/jquery/jquery.min.js [36m304 [0m2.296 ms - -[0m
[0mGET /bower_components/bootstrap/dist/js/bootstrap.min.js [36m304 [0m0.758 ms - -[0m
[0mPOST /admin/login [32m200 [0m28.657 ms - 29[0m
[0mGET /admin/system [32m200 [0m4.726 ms - 11295[0m
[0mGET /bower_components/bootstrap/dist/css/bootstrap.css [36m304 [0m4.467 ms - -[0m
[0mGET /bower_components/font-awesome/css/font-awesome.css [36m304 [0m5.221 ms - -[0m
[0mGET /assets/sbAdmin2/css/sb-admin-2.css [36m304 [0m1.140 ms - -[0m
[0mGET /bower_components/jquery-confirm2/dist/jquery-confirm.min.css [32m200 [0m3.647 ms - 21451[0m
[0mGET /bower_components/DataTables/media/css/jquery.dataTables.min.css [32m200 [0m5.848 ms - 14112[0m
[0mGET /assets/sbAdmin2/css/metisMenu.min.css [32m200 [0m2.301 ms - 781[0m
[0mGET /bower_components/jquery/jquery.min.js [36m304 [0m1.159 ms - -[0m
[0mGET /bower_components/bootstrap/dist/js/bootstrap.min.js [36m304 [0m0.819 ms - -[0m
[0mGET /bower_components/moment/min/moment.min.js [32m200 [0m4.915 ms - 51465[0m
[0mGET /bower_components/DataTables/media/js/jquery.dataTables.min.js [32m200 [0m6.120 ms - 83268[0m
[0mGET /bower_components/DataTables/media/js/i18n.zh.js [32m200 [0m3.682 ms - 1141[0m
[0mGET /bower_components/jquery-confirm2/dist/jquery-confirm.min.js [32m200 [0m2.433 ms - 26644[0m
[0mGET /assets/sbAdmin2/js/metisMenu.min.js [32m200 [0m4.208 ms - 1879[0m
[0mGET /assets/sbAdmin2/js/sb-admin-2.js [32m200 [0m2.237 ms - 1626[0m
[0mGET /assets/jquery.form.min.js [32m200 [0m1.838 ms - 17771[0m
[0mGET /bower_components/font-awesome/fonts/fontawesome-webfont.woff?v=4.2.0 [32m200 [0m2.568 ms - 65452[0m
[0mGET /assets/js/util.js [32m200 [0m3.130 ms - 70[0m
[0mGET /assets/js/dubSystem.js [32m200 [0m2.112 ms - 10926[0m
[0mGET /api/findDubTypeList?_=1503736733721 [32m200 [0m9.652 ms - 103[0m
[0mGET /api/dubAll?_=1503736733722 [32m200 [0m2.352 ms - 39[0m
[0mGET /admin/?nsukey=CANQXXikXIW5Db0cKjjmRrhQAzpGVqbdMnAbI6Hd89c92ne9wXnLG%2FPJ2YA46xrQRrQh5IyY4TRGP9zvfIRHuGIbv9wme18WCWniEvIHFBZU7FLcilgJzE1zAEq8U2SVxp6YFnGMdYjpW75S1lFx0dTh91X7LMSkplmsKnlcOdh%2FB5gWP5mn4yzPbc6gk2MW [32m200 [0m2.641 ms - 2776[0m
[0mGET /admin/?nsukey=CANQXXikXIW5Db0cKjjmRrhQAzpGVqbdMnAbI6Hd89c92ne9wXnLG%2FPJ2YA46xrQRrQh5IyY4TRGP9zvfIRHuGIbv9wme18WCWniEvIHFBZU7FLcilgJzE1zAEq8U2SVxp6YFnGMdYjpW75S1lFx0dTh91X7LMSkplmsKnlcOdh%2FB5gWP5mn4yzPbc6gk2MW [32m200 [0m2.271 ms - 2776[0m
[0mGET /assets/sbAdmin2/css/sb-admin-2.css [32m200 [0m3.920 ms - 8420[0m
[0mGET /bower_components/font-awesome/css/font-awesome.css [32m200 [0m3.543 ms - 26651[0m
[0mGET /bower_components/bootstrap/dist/js/bootstrap.min.js [32m200 [0m4.653 ms - 37045[0m
[0mGET /bower_components/bootstrap/dist/css/bootstrap.css [32m200 [0m40.404 ms - 146010[0m
[0mGET /bower_components/jquery/jquery.min.js [32m200 [0m56.790 ms - 92629[0m
[0mGET /admin/?nsukey=CANQXXikXIW5Db0cKjjmRrhQAzpGVqbdMnAbI6Hd89c92ne9wXnLG%2FPJ2YA46xrQRrQh5IyY4TRGP9zvfIRHuGIbv9wme18WCWniEvIHFBZU7FLcilgJzE1zAEq8U2SVxp6YFnGMdYjpW75S1lFx0dTh91X7LMSkplmsKnlcOdh%2FB5gWP5mn4yzPbc6gk2MW [32m200 [0m3.268 ms - 2776[0m
[0mGET /bower_components/font-awesome/css/font-awesome.css [32m200 [0m2.017 ms - 26651[0m
[0mGET /assets/sbAdmin2/css/sb-admin-2.css [32m200 [0m1.313 ms - 8420[0m
[0mGET /bower_components/bootstrap/dist/css/bootstrap.css [32m200 [0m48.274 ms - 146010[0m
[0mGET /bower_components/bootstrap/dist/js/bootstrap.min.js [32m200 [0m1.096 ms - 37045[0m
[0mGET /bower_components/jquery/jquery.min.js [32m200 [0m686.221 ms - 92629[0m
[0mGET /admin/?nsukey=CANQXXikXIW5Db0cKjjmRrhQAzpGVqbdMnAbI6Hd89c92ne9wXnLG%2FPJ2YA46xrQRrQh5IyY4TRGP9zvfIRHuGIbv9wme18WCWniEvIHFBZU7FLcilgJzE1zAEq8U2SVxp6YFnGMdYjpW75S1lFx0dTh91X7LMSkplmsKnlcOdh%2FB5gWP5mn4yzPbc6gk2MW [32m200 [0m6.449 ms - 2776[0m
[0mGET /bower_components/jquery/jquery.min.js [32m200 [0m66.360 ms - 92629[0m
[0mGET /admin/?nsukey=IjhO6qtC2U2rFFbKmO%2BD4pLdjiZrpOr3Psp1eBZqGsV2resmO9yiJ3CWhw%2FA7lDErV86D1Jh0Yvd6Km%2BVGAE1oZ3oaooQhNEtrM1gAIYtrzCjNcDECzcxWFdRi4ERq4GZjqhxZ80G1clXXFdnqKaNoAygl8DTFarNVFLSFcwnVH5GNQBLDa2YqcgQzG%2BLgnn [32m200 [0m1.709 ms - 2776[0m
[0mGET /admin/?nsukey=IjhO6qtC2U2rFFbKmO%2BD4pLdjiZrpOr3Psp1eBZqGsV2resmO9yiJ3CWhw%2FA7lDErV86D1Jh0Yvd6Km%2BVGAE1oZ3oaooQhNEtrM1gAIYtrzCjNcDECzcxWFdRi4ERq4GZjqhxZ80G1clXXFdnqKaNoAygl8DTFarNVFLSFcwnVH5GNQBLDa2YqcgQzG%2BLgnn [32m200 [0m2.169 ms - 2776[0m
[0mGET / [32m200 [0m5.366 ms - 12275[0m
[0mGET / [32m200 [0m2.035 ms - 12275[0m
[0mGET /bower_components/font-awesome/css/font-awesome.css [32m200 [0m11.457 ms - 26651[0m
[0mGET /bower_components/bootstrap/dist/js/bootstrap.min.js [32m200 [0m4.327 ms - 37045[0m
[0mGET /assets/sbAdmin2/css/sb-admin-2.css [32m200 [0m8.008 ms - 8420[0m
[0mGET /bower_components/jquery/jquery.min.js [32m200 [0m29.324 ms - 92629[0m
[0mGET /bower_components/bootstrap/dist/css/bootstrap.css [32m200 [0m39.601 ms - 146010[0m
[0mGET /bower_components/bootstrap/dist/js/bootstrap.min.js [32m200 [0m1.431 ms - 37045[0m
[0mGET /admin/?nsukey=IjhO6qtC2U2rFFbKmO%2BD4pLdjiZrpOr3Psp1eBZqGsV2resmO9yiJ3CWhw%2FA7lDErV86D1Jh0Yvd6Km%2BVGAE1oZ3oaooQhNEtrM1gAIYtrzCjNcDECzcxWFdRi4ERq4GZjqhxZ80G1clXXFdnqKaNoAygl8DTFarNVFLSFcwnVH5GNQBLDa2YqcgQzG%2BLgnn [32m200 [0m1.729 ms - 2776[0m
[0mGET / [32m200 [0m3.654 ms - 12275[0m
[0mGET / [32m200 [0m2.106 ms - 12275[0m
[0mGET /admin/?nsukey=IjhO6qtC2U2rFFbKmO%2BD4pLdjiZrpOr3Psp1eBZqGsV2resmO9yiJ3CWhw%2FA7lDErV86D1Jh0Yvd6Km%2BVGAE1oZ3oaooQhNEtrM1gAIYtrzCjNcDECzcxWFdRi4ERq4GZjqhxZ80G1clXXFdnqKaNoAygl8DTFarNVFLSFcwnVH5GNQBLDa2YqcgQzG%2BLgnn [32m200 [0m3.680 ms - 2776[0m
[0mGET /admin/?nsukey=IjhO6qtC2U2rFFbKmO%2BD4pLdjiZrpOr3Psp1eBZqGsV2resmO9yiJ3CWhw%2FA7lDErV86D1Jh0Yvd6Km%2BVGAE1oZ3oaooQhNEtrM1gAIYtrzCjNcDECzcxWFdRi4ERq4GZjqhxZ80G1clXXFdnqKaNoAygl8DTFarNVFLSFcwnVH5GNQBLDa2YqcgQzG%2BLgnn [32m200 [0m2.577 ms - 2776[0m
[0mGET /bower_components/bootstrap/dist/css/bootstrap.css [36m304 [0m1.696 ms - -[0m
[0mGET /bower_components/font-awesome/css/font-awesome.css [36m304 [0m0.621 ms - -[0m
[0mGET /assets/sbAdmin2/css/sb-admin-2.css [36m304 [0m0.674 ms - -[0m
[0mGET /bower_components/jquery/jquery.min.js [36m304 [0m0.694 ms - -[0m
[0mGET /bower_components/bootstrap/dist/js/bootstrap.min.js [36m304 [0m0.719 ms - -[0m
[0mGET /admin/?nsukey=IjhO6qtC2U2rFFbKmO%2BD4pLdjiZrpOr3Psp1eBZqGsV2resmO9yiJ3CWhw%2FA7lDErV86D1Jh0Yvd6Km%2BVGAE1oZ3oaooQhNEtrM1gAIYtrzCjNcDECzcxWFdRi4ERq4GZjqhxZ80G1clXXFdnqKaNoAygl8DTFarNVFLSFcwnVH5GNQBLDa2YqcgQzG%2BLgnn [32m200 [0m2.502 ms - 2776[0m
[0mGET /bower_components/jquery/jquery.min.js [32m200 [0m1.467 ms - 92629[0m
[0mGET /bower_components/bootstrap/dist/js/bootstrap.min.js [32m200 [0m1.329 ms - 37045[0m
[0mGET /admin/?nsukey=IjhO6qtC2U2rFFbKmO%2BD4pLdjiZrpOr3Psp1eBZqGsV2resmO9yiJ3CWhw%2FA7lDErV86D1Jh0Yvd6Km%2BVGAE1oZ3oaooQhNEtrM1gAIYtrzCjNcDECzcxWFdRi4ERq4GZjqhxZ80G1clXXFdnqKaNoAygl8DTFarNVFLSFcwnVH5GNQBLDa2YqcgQzG%2BLgnn [32m200 [0m1.621 ms - 2776[0m
[0mGET /bower_components/jquery/jquery.min.js [32m200 [0m30.493 ms - 92629[0m
[0mPOST /admin/login [32m200 [0m2.417 ms - 29[0m
[0mGET /admin/system [32m200 [0m4.406 ms - 11295[0m
[0mGET /bower_components/bootstrap/dist/css/bootstrap.css [36m304 [0m1.082 ms - -[0m
[0mGET /bower_components/font-awesome/css/font-awesome.css [36m304 [0m0.940 ms - -[0m
[0mGET /bower_components/DataTables/media/css/jquery.dataTables.min.css [32m200 [0m1.226 ms - 14112[0m
[0mGET /bower_components/jquery-confirm2/dist/jquery-confirm.min.css [32m200 [0m1.468 ms - 21451[0m
[0mGET /assets/sbAdmin2/css/sb-admin-2.css [36m304 [0m0.964 ms - -[0m
[0mGET /assets/sbAdmin2/css/metisMenu.min.css [32m200 [0m1.504 ms - 781[0m
[0mGET /bower_components/jquery/jquery.min.js [36m304 [0m0.830 ms - -[0m
[0mGET /bower_components/bootstrap/dist/js/bootstrap.min.js [36m304 [0m1.654 ms - -[0m
[0mGET /bower_components/DataTables/media/js/jquery.dataTables.min.js [32m200 [0m1.200 ms - 83268[0m
[0mGET /bower_components/DataTables/media/js/i18n.zh.js [32m200 [0m1.283 ms - 1141[0m
[0mGET /bower_components/moment/min/moment.min.js [32m200 [0m2.044 ms - 51465[0m
[0mGET /bower_components/jquery-confirm2/dist/jquery-confirm.min.js [32m200 [0m1.527 ms - 26644[0m
[0mGET /assets/sbAdmin2/js/metisMenu.min.js [32m200 [0m1.600 ms - 1879[0m
[0mGET /assets/sbAdmin2/js/sb-admin-2.js [32m200 [0m0.981 ms - 1626[0m
[0mGET /assets/jquery.form.min.js [32m200 [0m1.092 ms - 17771[0m
[0mGET /bower_components/font-awesome/fonts/fontawesome-webfont.woff?v=4.2.0 [32m200 [0m98.961 ms - 65452[0m
[0mGET /admin/system?nsukey=9ZESwqa2L73HNYwN%2B%2BBaicfAPeUaasMmdRFFS4OpYGRi7YyOua2ozKdCaYfOow4r%2Fgg1gYSkLM%2F%2BpRyzm4TN3dJTlVEyT99gOqfsSPBFxfNZKqI7sTYgSw1LL0MsBgFV%2Fgut1P3aL7rrBEN6LfgQZJqWxrnm4FgIbAXvjAW%2F5ndK8WsLFilqpfPXHPyXbY93 [31m500 [0m8.724 ms - 56[0m
Error: Can't set headers after they are sent.
    at ServerResponse.OutgoingMessage.setHeader (_http_outgoing.js:335:11)
    at ServerResponse.header (/opt/proj/dubWeb/node_modules/express/lib/response.js:700:10)
    at ServerResponse.send (/opt/proj/dubWeb/node_modules/express/lib/response.js:154:12)
    at fn (/opt/proj/dubWeb/node_modules/express/lib/response.js:934:10)
    at View.exports.renderFile [as engine] (/opt/proj/dubWeb/node_modules/ejs/lib/ejs.js:355:10)
    at View.render (/opt/proj/dubWeb/node_modules/express/lib/view.js:93:8)
    at EventEmitter.app.render (/opt/proj/dubWeb/node_modules/express/lib/application.js:566:10)
    at ServerResponse.res.render (/opt/proj/dubWeb/node_modules/express/lib/response.js:938:7)
    at /opt/proj/dubWeb/routes/admin.js:36:9
    at Layer.handle [as handle_request] (/opt/proj/dubWeb/node_modules/express/lib/router/layer.js:82:5)
    at next (/opt/proj/dubWeb/node_modules/express/lib/router/route.js:110:13)
    at Route.dispatch (/opt/proj/dubWeb/node_modules/express/lib/router/route.js:91:3)
    at Layer.handle [as handle_request] (/opt/proj/dubWeb/node_modules/express/lib/router/layer.js:82:5)
    at /opt/proj/dubWeb/node_modules/express/lib/router/index.js:267:22
    at Function.proto.process_params (/opt/proj/dubWeb/node_modules/express/lib/router/index.js:321:12)
    at next (/opt/proj/dubWeb/node_modules/express/lib/router/index.js:261:10)
[0mGET /admin [32m200 [0m1.526 ms - 2776[0m
[0mGET /admin/system?nsukey=9ZESwqa2L73HNYwN%2B%2BBaicfAPeUaasMmdRFFS4OpYGRi7YyOua2ozKdCaYfOow4r%2Fgg1gYSkLM%2F%2BpRyzm4TN3dJTlVEyT99gOqfsSPBFxfNZKqI7sTYgSw1LL0MsBgFV%2Fgut1P3aL7rrBEN6LfgQZJqWxrnm4FgIbAXvjAW%2F5ndK8WsLFilqpfPXHPyXbY93 [31m500 [0m5.009 ms - 56[0m
Error: Can't set headers after they are sent.
    at ServerResponse.OutgoingMessage.setHeader (_http_outgoing.js:335:11)
    at ServerResponse.header (/opt/proj/dubWeb/node_modules/express/lib/response.js:700:10)
    at ServerResponse.send (/opt/proj/dubWeb/node_modules/express/lib/response.js:154:12)
    at fn (/opt/proj/dubWeb/node_modules/express/lib/response.js:934:10)
    at View.exports.renderFile [as engine] (/opt/proj/dubWeb/node_modules/ejs/lib/ejs.js:355:10)
    at View.render (/opt/proj/dubWeb/node_modules/express/lib/view.js:93:8)
    at EventEmitter.app.render (/opt/proj/dubWeb/node_modules/express/lib/application.js:566:10)
    at ServerResponse.res.render (/opt/proj/dubWeb/node_modules/express/lib/response.js:938:7)
    at /opt/proj/dubWeb/routes/admin.js:36:9
    at Layer.handle [as handle_request] (/opt/proj/dubWeb/node_modules/express/lib/router/layer.js:82:5)
    at next (/opt/proj/dubWeb/node_modules/express/lib/router/route.js:110:13)
    at Route.dispatch (/opt/proj/dubWeb/node_modules/express/lib/router/route.js:91:3)
    at Layer.handle [as handle_request] (/opt/proj/dubWeb/node_modules/express/lib/router/layer.js:82:5)
    at /opt/proj/dubWeb/node_modules/express/lib/router/index.js:267:22
    at Function.proto.process_params (/opt/proj/dubWeb/node_modules/express/lib/router/index.js:321:12)
    at next (/opt/proj/dubWeb/node_modules/express/lib/router/index.js:261:10)
[0mGET /admin [32m200 [0m1.570 ms - 2776[0m
[0mGET /admin/system?nsukey=9ZESwqa2L73HNYwN%2B%2BBaicfAPeUaasMmdRFFS4OpYGRi7YyOua2ozKdCaYfOow4r%2Fgg1gYSkLM%2F%2BpRyzm4TN3dJTlVEyT99gOqfsSPBFxfNZKqI7sTYgSw1LL0MsBgFV%2Fgut1P3aL7rrBEN6LfgQZJqWxrnm4FgIbAXvjAW%2F5ndK8WsLFilqpfPXHPyXbY93 [32m200 [0m2.359 ms - 11295[0m
[0mGET /assets/sbAdmin2/css/metisMenu.min.css [32m200 [0m1.376 ms - 781[0m
[0mGET /bower_components/DataTables/media/js/jquery.dataTables.min.js [32m206 [0m2.951 ms - 1[0m
[0mGET /bower_components/moment/min/moment.min.js [32m206 [0m2.242 ms - 1[0m
[0mGET /bower_components/jquery-confirm2/dist/jquery-confirm.min.js [32m206 [0m1.449 ms - 1[0m
[0mGET /assets/sbAdmin2/js/metisMenu.min.js [32m200 [0m0.987 ms - 1879[0m
[0mGET /assets/jquery.form.min.js [32m200 [0m1.994 ms - 17771[0m
[0mGET /assets/js/util.js [32m200 [0m0.841 ms - 70[0m
[0mGET /bower_components/DataTables/media/js/jquery.dataTables.min.js [32m206 [0m1.498 ms - 48220[0m
[0mGET /assets/js/dubSystem.js [32m200 [0m0.971 ms - 10926[0m
[0mGET /bower_components/jquery-confirm2/dist/jquery-confirm.min.js [32m206 [0m2.012 ms - 11816[0m
[0mGET /bower_components/moment/min/moment.min.js [32m206 [0m1.816 ms - 16417[0m
[0mGET /bower_components/font-awesome/fonts/fontawesome-webfont.woff?v=4.2.0 [32m206 [0m2.089 ms - 1[0m
[0mGET /bower_components/font-awesome/fonts/fontawesome-webfont.woff?v=4.2.0 [32m206 [0m1.483 ms - 8836[0m
[0mGET /api/findDubTypeList?_=1503736817968 [32m200 [0m4.753 ms - 103[0m
[0mGET /api/dubAll?_=1503736817969 [32m200 [0m4.373 ms - 39[0m
[0mGET /admin/system?nsukey=9ZESwqa2L73HNYwN%2B%2BBaicfAPeUaasMmdRFFS4OpYGRi7YyOua2ozKdCaYfOow4r%2Fgg1gYSkLM%2F%2BpRyzm4TN3dJTlVEyT99gOqfsSPBFxfNZKqI7sTYgSw1LL0MsBgFV%2Fgut1P3aL7rrBEN6LfgQZJqWxrnm4FgIbAXvjAW%2F5ndK8WsLFilqpfPXHPyXbY93 [31m500 [0m5.468 ms - 28[0m
Error: Can't set headers after they are sent.
    at ServerResponse.OutgoingMessage.setHeader (_http_outgoing.js:335:11)
    at ServerResponse.header (/opt/proj/dubWeb/node_modules/express/lib/response.js:700:10)
    at ServerResponse.send (/opt/proj/dubWeb/node_modules/express/lib/response.js:154:12)
    at fn (/opt/proj/dubWeb/node_modules/express/lib/response.js:934:10)
    at View.exports.renderFile [as engine] (/opt/proj/dubWeb/node_modules/ejs/lib/ejs.js:355:10)
    at View.render (/opt/proj/dubWeb/node_modules/express/lib/view.js:93:8)
    at EventEmitter.app.render (/opt/proj/dubWeb/node_modules/express/lib/application.js:566:10)
    at ServerResponse.res.render (/opt/proj/dubWeb/node_modules/express/lib/response.js:938:7)
    at /opt/proj/dubWeb/routes/admin.js:36:9
    at Layer.handle [as handle_request] (/opt/proj/dubWeb/node_modules/express/lib/router/layer.js:82:5)
    at next (/opt/proj/dubWeb/node_modules/express/lib/router/route.js:110:13)
    at Route.dispatch (/opt/proj/dubWeb/node_modules/express/lib/router/route.js:91:3)
    at Layer.handle [as handle_request] (/opt/proj/dubWeb/node_modules/express/lib/router/layer.js:82:5)
    at /opt/proj/dubWeb/node_modules/express/lib/router/index.js:267:22
    at Function.proto.process_params (/opt/proj/dubWeb/node_modules/express/lib/router/index.js:321:12)
    at next (/opt/proj/dubWeb/node_modules/express/lib/router/index.js:261:10)
[0mGET /admin [32m200 [0m1.909 ms - 2776[0m
[0mGET /bower_components/jquery/jquery.min.js [32m200 [0m72.740 ms - 92629[0m
[0mGET /bower_components/bootstrap/dist/js/bootstrap.min.js [32m200 [0m1.711 ms - 37045[0m
[0mGET /admin/system [31m500 [0m5.739 ms - 28[0m
Error: Can't set headers after they are sent.
    at ServerResponse.OutgoingMessage.setHeader (_http_outgoing.js:335:11)
    at ServerResponse.header (/opt/proj/dubWeb/node_modules/express/lib/response.js:700:10)
    at ServerResponse.send (/opt/proj/dubWeb/node_modules/express/lib/response.js:154:12)
    at fn (/opt/proj/dubWeb/node_modules/express/lib/response.js:934:10)
    at View.exports.renderFile [as engine] (/opt/proj/dubWeb/node_modules/ejs/lib/ejs.js:355:10)
    at View.render (/opt/proj/dubWeb/node_modules/express/lib/view.js:93:8)
    at EventEmitter.app.render (/opt/proj/dubWeb/node_modules/express/lib/application.js:566:10)
    at ServerResponse.res.render (/opt/proj/dubWeb/node_modules/express/lib/response.js:938:7)
    at /opt/proj/dubWeb/routes/admin.js:36:9
    at Layer.handle [as handle_request] (/opt/proj/dubWeb/node_modules/express/lib/router/layer.js:82:5)
    at next (/opt/proj/dubWeb/node_modules/express/lib/router/route.js:110:13)
    at Route.dispatch (/opt/proj/dubWeb/node_modules/express/lib/router/route.js:91:3)
    at Layer.handle [as handle_request] (/opt/proj/dubWeb/node_modules/express/lib/router/layer.js:82:5)
    at /opt/proj/dubWeb/node_modules/express/lib/router/index.js:267:22
    at Function.proto.process_params (/opt/proj/dubWeb/node_modules/express/lib/router/index.js:321:12)
    at next (/opt/proj/dubWeb/node_modules/express/lib/router/index.js:261:10)
[0mGET /admin [32m200 [0m1.642 ms - 2776[0m
[0mGET /bower_components/jquery/jquery.min.js [32m200 [0m97.755 ms - 92629[0m
[0mGET /bower_components/bootstrap/dist/js/bootstrap.min.js [32m200 [0m1.500 ms - 37045[0m
[0mGET /admin/ [32m200 [0m1.834 ms - 2776[0m
[0mGET /bower_components/font-awesome/css/font-awesome.css [32m200 [0m7.893 ms - 26651[0m
[0mGET /assets/sbAdmin2/css/sb-admin-2.css [32m200 [0m6.606 ms - 8420[0m
[0mGET /bower_components/bootstrap/dist/js/bootstrap.min.js [32m200 [0m5.862 ms - 37045[0m
[0mGET /bower_components/bootstrap/dist/css/bootstrap.css [32m200 [0m41.628 ms - 146010[0m
[0mGET /bower_components/jquery/jquery.min.js [32m200 [0m917.297 ms - 92629[0m
[0mGET /imgs/favicon/favicon.ico [32m200 [0m1.227 ms - 894[0m
